Analysis & Synthesis report for Laboratoire4
Fri Dec 01 17:01:49 2023
Quartus II 64-Bit Version 13.1.0 Build 162 10/23/2013 SJ Web Edition


---------------------
; Table of Contents ;
---------------------
  1. Legal Notice
  2. Analysis & Synthesis Summary
  3. Analysis & Synthesis Settings
  4. Parallel Compilation
  5. Analysis & Synthesis Source Files Read
  6. Analysis & Synthesis Resource Usage Summary
  7. Analysis & Synthesis Resource Utilization by Entity
  8. Registers Removed During Synthesis
  9. General Register Statistics
 10. Multiplexer Restructuring Statistics (Restructuring Performed)
 11. Port Connectivity Checks: "UART_FSM:inst1|mux_8_a_1:Multiplexeur"
 12. Port Connectivity Checks: "UART_FSM:inst1|enARdFF_2:Y0"
 13. Port Connectivity Checks: "UART_FSM:inst1|enARdFF_2:Y1"
 14. Port Connectivity Checks: "UART_FSM:inst1|enARdFF_2:Y2"
 15. Port Connectivity Checks: "UART_EMETTEUR:inst|controleur_emetteur:CONTOLEUR_UART_EMETTEUR|enARdFF_2:Y0"
 16. Port Connectivity Checks: "UART_EMETTEUR:inst|controleur_emetteur:CONTOLEUR_UART_EMETTEUR|enARdFF_2:Y1"
 17. Port Connectivity Checks: "UART_EMETTEUR:inst|RDTD:RDTD_UART_EMETTEUR|enARdFF_2:bit0"
 18. Port Connectivity Checks: "UART_EMETTEUR:inst|RDTD:RDTD_UART_EMETTEUR|enARdFF_2:bit1"
 19. Port Connectivity Checks: "UART_EMETTEUR:inst|RDTD:RDTD_UART_EMETTEUR|enARdFF_2:bit2"
 20. Port Connectivity Checks: "UART_EMETTEUR:inst|RDTD:RDTD_UART_EMETTEUR|enARdFF_2:bit3"
 21. Port Connectivity Checks: "UART_EMETTEUR:inst|RDTD:RDTD_UART_EMETTEUR|enARdFF_2:bit4"
 22. Port Connectivity Checks: "UART_EMETTEUR:inst|RDTD:RDTD_UART_EMETTEUR|enARdFF_2:bit5"
 23. Port Connectivity Checks: "UART_EMETTEUR:inst|RDTD:RDTD_UART_EMETTEUR|enARdFF_2:bit6"
 24. Port Connectivity Checks: "UART_EMETTEUR:inst|RDTD:RDTD_UART_EMETTEUR|enARdFF_2:bit7"
 25. Port Connectivity Checks: "UART_EMETTEUR:inst|RDTD:RDTD_UART_EMETTEUR|enARdFF_2:bit8"
 26. Port Connectivity Checks: "UART_EMETTEUR:inst|RDTD:RDTD_UART_EMETTEUR|four_bit_comparator_eq:Comparateur"
 27. Port Connectivity Checks: "UART_EMETTEUR:inst|RDTD:RDTD_UART_EMETTEUR|counter4Bits_with_clear:Counter|enARdFF_2_with_clear:y0"
 28. Port Connectivity Checks: "UART_EMETTEUR:inst|RDTD:RDTD_UART_EMETTEUR|counter4Bits_with_clear:Counter|enARdFF_2_with_clear:y1"
 29. Port Connectivity Checks: "UART_EMETTEUR:inst|RDTD:RDTD_UART_EMETTEUR|counter4Bits_with_clear:Counter|enARdFF_2_with_clear:y2"
 30. Port Connectivity Checks: "UART_EMETTEUR:inst|RDTD:RDTD_UART_EMETTEUR|counter4Bits_with_clear:Counter|enARdFF_2_with_clear:y3"
 31. Port Connectivity Checks: "UART_EMETTEUR:inst|RTD:RTD_UART_EMETTEUR|enARdFF_2:bit0"
 32. Port Connectivity Checks: "UART_EMETTEUR:inst|RTD:RTD_UART_EMETTEUR|enARdFF_2:bit1"
 33. Port Connectivity Checks: "UART_EMETTEUR:inst|RTD:RTD_UART_EMETTEUR|enARdFF_2:bit2"
 34. Port Connectivity Checks: "UART_EMETTEUR:inst|RTD:RTD_UART_EMETTEUR|enARdFF_2:bit3"
 35. Port Connectivity Checks: "UART_EMETTEUR:inst|RTD:RTD_UART_EMETTEUR|enARdFF_2:bit4"
 36. Port Connectivity Checks: "UART_EMETTEUR:inst|RTD:RTD_UART_EMETTEUR|enARdFF_2:bit5"
 37. Port Connectivity Checks: "UART_EMETTEUR:inst|RTD:RTD_UART_EMETTEUR|enARdFF_2:bit6"
 38. Port Connectivity Checks: "UART_EMETTEUR:inst|RTD:RTD_UART_EMETTEUR|enARdFF_2:bit7"
 39. Elapsed Time Per Partition
 40. Analysis & Synthesis Messages



----------------
; Legal Notice ;
----------------
Copyright (C) 1991-2013 Altera Corporation
Your use of Altera Corporation's design tools, logic functions 
and other software and tools, and its AMPP partner logic 
functions, and any output files from any of the foregoing 
(including device programming or simulation files), and any 
associated documentation or information are expressly subject 
to the terms and conditions of the Altera Program License 
Subscription Agreement, Altera MegaCore Function License 
Agreement, or other applicable license agreement, including, 
without limitation, that your use is for the sole purpose of 
programming logic devices manufactured by Altera and sold by 
Altera or its authorized distributors.  Please refer to the 
applicable agreement for further details.



+---------------------------------------------------------------------------------+
; Analysis & Synthesis Summary                                                    ;
+------------------------------------+--------------------------------------------+
; Analysis & Synthesis Status        ; Successful - Fri Dec 01 17:01:49 2023      ;
; Quartus II 64-Bit Version          ; 13.1.0 Build 162 10/23/2013 SJ Web Edition ;
; Revision Name                      ; Laboratoire4                               ;
; Top-level Entity Name              ; diagram_test_uart_fsm_with_uart_emetteur   ;
; Family                             ; Cyclone IV E                               ;
; Total logic elements               ; 47                                         ;
;     Total combinational functions  ; 47                                         ;
;     Dedicated logic registers      ; 25                                         ;
; Total registers                    ; 25                                         ;
; Total pins                         ; 7                                          ;
; Total virtual pins                 ; 0                                          ;
; Total memory bits                  ; 0                                          ;
; Embedded Multiplier 9-bit elements ; 0                                          ;
; Total PLLs                         ; 0                                          ;
+------------------------------------+--------------------------------------------+


+--------------------------------------------------------------------------------------------------------------------------------------------+
; Analysis & Synthesis Settings                                                                                                              ;
+----------------------------------------------------------------------------+------------------------------------------+--------------------+
; Option                                                                     ; Setting                                  ; Default Value      ;
+----------------------------------------------------------------------------+------------------------------------------+--------------------+
; Device                                                                     ; EP4CE115F29C7                            ;                    ;
; Top-level entity name                                                      ; diagram_test_uart_fsm_with_uart_emetteur ; Laboratoire4       ;
; Family name                                                                ; Cyclone IV E                             ; Cyclone IV GX      ;
; Use smart compilation                                                      ; Off                                      ; Off                ;
; Enable parallel Assembler and TimeQuest Timing Analyzer during compilation ; On                                       ; On                 ;
; Enable compact report table                                                ; Off                                      ; Off                ;
; Restructure Multiplexers                                                   ; Auto                                     ; Auto               ;
; Create Debugging Nodes for IP Cores                                        ; Off                                      ; Off                ;
; Preserve fewer node names                                                  ; On                                       ; On                 ;
; Disable OpenCore Plus hardware evaluation                                  ; Off                                      ; Off                ;
; Verilog Version                                                            ; Verilog_2001                             ; Verilog_2001       ;
; VHDL Version                                                               ; VHDL_1993                                ; VHDL_1993          ;
; State Machine Processing                                                   ; Auto                                     ; Auto               ;
; Safe State Machine                                                         ; Off                                      ; Off                ;
; Extract Verilog State Machines                                             ; On                                       ; On                 ;
; Extract VHDL State Machines                                                ; On                                       ; On                 ;
; Ignore Verilog initial constructs                                          ; Off                                      ; Off                ;
; Iteration limit for constant Verilog loops                                 ; 5000                                     ; 5000               ;
; Iteration limit for non-constant Verilog loops                             ; 250                                      ; 250                ;
; Add Pass-Through Logic to Inferred RAMs                                    ; On                                       ; On                 ;
; Infer RAMs from Raw Logic                                                  ; On                                       ; On                 ;
; Parallel Synthesis                                                         ; On                                       ; On                 ;
; DSP Block Balancing                                                        ; Auto                                     ; Auto               ;
; NOT Gate Push-Back                                                         ; On                                       ; On                 ;
; Power-Up Don't Care                                                        ; On                                       ; On                 ;
; Remove Redundant Logic Cells                                               ; Off                                      ; Off                ;
; Remove Duplicate Registers                                                 ; On                                       ; On                 ;
; Ignore CARRY Buffers                                                       ; Off                                      ; Off                ;
; Ignore CASCADE Buffers                                                     ; Off                                      ; Off                ;
; Ignore GLOBAL Buffers                                                      ; Off                                      ; Off                ;
; Ignore ROW GLOBAL Buffers                                                  ; Off                                      ; Off                ;
; Ignore LCELL Buffers                                                       ; Off                                      ; Off                ;
; Ignore SOFT Buffers                                                        ; On                                       ; On                 ;
; Limit AHDL Integers to 32 Bits                                             ; Off                                      ; Off                ;
; Optimization Technique                                                     ; Balanced                                 ; Balanced           ;
; Carry Chain Length                                                         ; 70                                       ; 70                 ;
; Auto Carry Chains                                                          ; On                                       ; On                 ;
; Auto Open-Drain Pins                                                       ; On                                       ; On                 ;
; Perform WYSIWYG Primitive Resynthesis                                      ; Off                                      ; Off                ;
; Auto ROM Replacement                                                       ; On                                       ; On                 ;
; Auto RAM Replacement                                                       ; On                                       ; On                 ;
; Auto DSP Block Replacement                                                 ; On                                       ; On                 ;
; Auto Shift Register Replacement                                            ; Auto                                     ; Auto               ;
; Allow Shift Register Merging across Hierarchies                            ; Auto                                     ; Auto               ;
; Auto Clock Enable Replacement                                              ; On                                       ; On                 ;
; Strict RAM Replacement                                                     ; Off                                      ; Off                ;
; Allow Synchronous Control Signals                                          ; On                                       ; On                 ;
; Force Use of Synchronous Clear Signals                                     ; Off                                      ; Off                ;
; Auto RAM Block Balancing                                                   ; On                                       ; On                 ;
; Auto RAM to Logic Cell Conversion                                          ; Off                                      ; Off                ;
; Auto Resource Sharing                                                      ; Off                                      ; Off                ;
; Allow Any RAM Size For Recognition                                         ; Off                                      ; Off                ;
; Allow Any ROM Size For Recognition                                         ; Off                                      ; Off                ;
; Allow Any Shift Register Size For Recognition                              ; Off                                      ; Off                ;
; Use LogicLock Constraints during Resource Balancing                        ; On                                       ; On                 ;
; Ignore translate_off and synthesis_off directives                          ; Off                                      ; Off                ;
; Timing-Driven Synthesis                                                    ; On                                       ; On                 ;
; Report Parameter Settings                                                  ; On                                       ; On                 ;
; Report Source Assignments                                                  ; On                                       ; On                 ;
; Report Connectivity Checks                                                 ; On                                       ; On                 ;
; Ignore Maximum Fan-Out Assignments                                         ; Off                                      ; Off                ;
; Synchronization Register Chain Length                                      ; 2                                        ; 2                  ;
; PowerPlay Power Optimization                                               ; Normal compilation                       ; Normal compilation ;
; HDL message level                                                          ; Level2                                   ; Level2             ;
; Suppress Register Optimization Related Messages                            ; Off                                      ; Off                ;
; Number of Removed Registers Reported in Synthesis Report                   ; 5000                                     ; 5000               ;
; Number of Swept Nodes Reported in Synthesis Report                         ; 5000                                     ; 5000               ;
; Number of Inverted Registers Reported in Synthesis Report                  ; 100                                      ; 100                ;
; Clock MUX Protection                                                       ; On                                       ; On                 ;
; Auto Gated Clock Conversion                                                ; Off                                      ; Off                ;
; Block Design Naming                                                        ; Auto                                     ; Auto               ;
; SDC constraint protection                                                  ; Off                                      ; Off                ;
; Synthesis Effort                                                           ; Auto                                     ; Auto               ;
; Shift Register Replacement - Allow Asynchronous Clear Signal               ; On                                       ; On                 ;
; Pre-Mapping Resynthesis Optimization                                       ; Off                                      ; Off                ;
; Analysis & Synthesis Message Level                                         ; Medium                                   ; Medium             ;
; Disable Register Merging Across Hierarchies                                ; Auto                                     ; Auto               ;
; Resource Aware Inference For Block RAM                                     ; On                                       ; On                 ;
; Synthesis Seed                                                             ; 1                                        ; 1                  ;
+----------------------------------------------------------------------------+------------------------------------------+--------------------+


Parallel compilation was disabled, but you have multiple processors available. Enable parallel compilation to reduce compilation time.
+-------------------------------------+
; Parallel Compilation                ;
+----------------------------+--------+
; Processors                 ; Number ;
+----------------------------+--------+
; Number detected on machine ; 8      ;
; Maximum allowed            ; 1      ;
+----------------------------+--------+


+----------------------------------------------------------------------------------------------------------------------------------------------------------------------------------------------------------------------------------+
; Analysis & Synthesis Source Files Read                                                                                                                                                                                           ;
+----------------------------------------------+-----------------+------------------------------------+------------------------------------------------------------------------------------------------------------------+---------+
; File Name with User-Entered Path             ; Used in Netlist ; File Type                          ; File Name with Absolute Path                                                                                     ; Library ;
+----------------------------------------------+-----------------+------------------------------------+------------------------------------------------------------------------------------------------------------------+---------+
; one_bit_comparator_eq.vhd                    ; yes             ; User VHDL File                     ; C:/Users/Hakim/OneDrive/Bureau/C_hakim/Cours_uottawa/CEG_3555/Lab_4/one_bit_comparator_eq.vhd                    ;         ;
; four_bit_comparator_eq.vhd                   ; yes             ; User VHDL File                     ; C:/Users/Hakim/OneDrive/Bureau/C_hakim/Cours_uottawa/CEG_3555/Lab_4/four_bit_comparator_eq.vhd                   ;         ;
; enARdFF_2_with_clear.vhd                     ; yes             ; User VHDL File                     ; C:/Users/Hakim/OneDrive/Bureau/C_hakim/Cours_uottawa/CEG_3555/Lab_4/enARdFF_2_with_clear.vhd                     ;         ;
; enardFF_2.vhd                                ; yes             ; User VHDL File                     ; C:/Users/Hakim/OneDrive/Bureau/C_hakim/Cours_uottawa/CEG_3555/Lab_4/enardFF_2.vhd                                ;         ;
; counter4Bits_with_clear.vhd                  ; yes             ; User VHDL File                     ; C:/Users/Hakim/OneDrive/Bureau/C_hakim/Cours_uottawa/CEG_3555/Lab_4/counter4Bits_with_clear.vhd                  ;         ;
; RDTD.vhd                                     ; yes             ; User VHDL File                     ; C:/Users/Hakim/OneDrive/Bureau/C_hakim/Cours_uottawa/CEG_3555/Lab_4/RDTD.vhd                                     ;         ;
; RTD.vhd                                      ; yes             ; User VHDL File                     ; C:/Users/Hakim/OneDrive/Bureau/C_hakim/Cours_uottawa/CEG_3555/Lab_4/RTD.vhd                                      ;         ;
; controleur_emetteur.vhd                      ; yes             ; User VHDL File                     ; C:/Users/Hakim/OneDrive/Bureau/C_hakim/Cours_uottawa/CEG_3555/Lab_4/controleur_emetteur.vhd                      ;         ;
; UART_EMETTEUR.vhd                            ; yes             ; User VHDL File                     ; C:/Users/Hakim/OneDrive/Bureau/C_hakim/Cours_uottawa/CEG_3555/Lab_4/UART_EMETTEUR.vhd                            ;         ;
; mux_8_a_1.vhd                                ; yes             ; User VHDL File                     ; C:/Users/Hakim/OneDrive/Bureau/C_hakim/Cours_uottawa/CEG_3555/Lab_4/mux_8_a_1.vhd                                ;         ;
; UART_FSM.vhd                                 ; yes             ; User VHDL File                     ; C:/Users/Hakim/OneDrive/Bureau/C_hakim/Cours_uottawa/CEG_3555/Lab_4/UART_FSM.vhd                                 ;         ;
; diagram_test_uart_fsm_with_uart_emetteur.bdf ; yes             ; User Block Diagram/Schematic File  ; C:/Users/Hakim/OneDrive/Bureau/C_hakim/Cours_uottawa/CEG_3555/Lab_4/diagram_test_uart_fsm_with_uart_emetteur.bdf ;         ;
+----------------------------------------------+-----------------+------------------------------------+------------------------------------------------------------------------------------------------------------------+---------+


+-----------------------------------------------------------+
; Analysis & Synthesis Resource Usage Summary               ;
+---------------------------------------------+-------------+
; Resource                                    ; Usage       ;
+---------------------------------------------+-------------+
; Estimated Total logic elements              ; 47          ;
;                                             ;             ;
; Total combinational functions               ; 47          ;
; Logic element usage by number of LUT inputs ;             ;
;     -- 4 input functions                    ; 28          ;
;     -- 3 input functions                    ; 16          ;
;     -- <=2 input functions                  ; 3           ;
;                                             ;             ;
; Logic elements by mode                      ;             ;
;     -- normal mode                          ; 47          ;
;     -- arithmetic mode                      ; 0           ;
;                                             ;             ;
; Total registers                             ; 25          ;
;     -- Dedicated logic registers            ; 25          ;
;     -- I/O registers                        ; 0           ;
;                                             ;             ;
; I/O pins                                    ; 7           ;
; Embedded Multiplier 9-bit elements          ; 0           ;
; Maximum fan-out node                        ; CLOCK~input ;
; Maximum fan-out                             ; 25          ;
; Total fan-out                               ; 270         ;
; Average fan-out                             ; 3.14        ;
+---------------------------------------------+-------------+


+-------------------------------------------------------------------------------------------------------------------------------------------------------------------------------------------------------------------------------------------------------------------------------------------------------------------------------+
; Analysis & Synthesis Resource Utilization by Entity                                                                                                                                                                                                                                                                           ;
+-----------------------------------------------------+-------------------+--------------+-------------+--------------+---------+-----------+------+--------------+----------------------------------------------------------------------------------------------------------------------------------------------+--------------+
; Compilation Hierarchy Node                          ; LC Combinationals ; LC Registers ; Memory Bits ; DSP Elements ; DSP 9x9 ; DSP 18x18 ; Pins ; Virtual Pins ; Full Hierarchy Name                                                                                                                          ; Library Name ;
+-----------------------------------------------------+-------------------+--------------+-------------+--------------+---------+-----------+------+--------------+----------------------------------------------------------------------------------------------------------------------------------------------+--------------+
; |diagram_test_uart_fsm_with_uart_emetteur           ; 47 (0)            ; 25 (0)       ; 0           ; 0            ; 0       ; 0         ; 7    ; 0            ; |diagram_test_uart_fsm_with_uart_emetteur                                                                                                    ; work         ;
;    |UART_EMETTEUR:inst|                             ; 22 (0)            ; 22 (0)       ; 0           ; 0            ; 0       ; 0         ; 0    ; 0            ; |diagram_test_uart_fsm_with_uart_emetteur|UART_EMETTEUR:inst                                                                                 ; work         ;
;       |RDTD:RDTD_UART_EMETTEUR|                     ; 15 (9)            ; 13 (0)       ; 0           ; 0            ; 0       ; 0         ; 0    ; 0            ; |diagram_test_uart_fsm_with_uart_emetteur|UART_EMETTEUR:inst|RDTD:RDTD_UART_EMETTEUR                                                         ; work         ;
;          |counter4Bits_with_clear:Counter|          ; 5 (0)             ; 4 (0)        ; 0           ; 0            ; 0       ; 0         ; 0    ; 0            ; |diagram_test_uart_fsm_with_uart_emetteur|UART_EMETTEUR:inst|RDTD:RDTD_UART_EMETTEUR|counter4Bits_with_clear:Counter                         ; work         ;
;             |enARdFF_2_with_clear:y0|               ; 1 (1)             ; 1 (1)        ; 0           ; 0            ; 0       ; 0         ; 0    ; 0            ; |diagram_test_uart_fsm_with_uart_emetteur|UART_EMETTEUR:inst|RDTD:RDTD_UART_EMETTEUR|counter4Bits_with_clear:Counter|enARdFF_2_with_clear:y0 ; work         ;
;             |enARdFF_2_with_clear:y1|               ; 1 (1)             ; 1 (1)        ; 0           ; 0            ; 0       ; 0         ; 0    ; 0            ; |diagram_test_uart_fsm_with_uart_emetteur|UART_EMETTEUR:inst|RDTD:RDTD_UART_EMETTEUR|counter4Bits_with_clear:Counter|enARdFF_2_with_clear:y1 ; work         ;
;             |enARdFF_2_with_clear:y2|               ; 1 (1)             ; 1 (1)        ; 0           ; 0            ; 0       ; 0         ; 0    ; 0            ; |diagram_test_uart_fsm_with_uart_emetteur|UART_EMETTEUR:inst|RDTD:RDTD_UART_EMETTEUR|counter4Bits_with_clear:Counter|enARdFF_2_with_clear:y2 ; work         ;
;             |enARdFF_2_with_clear:y3|               ; 2 (2)             ; 1 (1)        ; 0           ; 0            ; 0       ; 0         ; 0    ; 0            ; |diagram_test_uart_fsm_with_uart_emetteur|UART_EMETTEUR:inst|RDTD:RDTD_UART_EMETTEUR|counter4Bits_with_clear:Counter|enARdFF_2_with_clear:y3 ; work         ;
;          |enARdFF_2:bit0|                           ; 0 (0)             ; 1 (1)        ; 0           ; 0            ; 0       ; 0         ; 0    ; 0            ; |diagram_test_uart_fsm_with_uart_emetteur|UART_EMETTEUR:inst|RDTD:RDTD_UART_EMETTEUR|enARdFF_2:bit0                                          ; work         ;
;          |enARdFF_2:bit1|                           ; 0 (0)             ; 1 (1)        ; 0           ; 0            ; 0       ; 0         ; 0    ; 0            ; |diagram_test_uart_fsm_with_uart_emetteur|UART_EMETTEUR:inst|RDTD:RDTD_UART_EMETTEUR|enARdFF_2:bit1                                          ; work         ;
;          |enARdFF_2:bit2|                           ; 0 (0)             ; 1 (1)        ; 0           ; 0            ; 0       ; 0         ; 0    ; 0            ; |diagram_test_uart_fsm_with_uart_emetteur|UART_EMETTEUR:inst|RDTD:RDTD_UART_EMETTEUR|enARdFF_2:bit2                                          ; work         ;
;          |enARdFF_2:bit3|                           ; 0 (0)             ; 1 (1)        ; 0           ; 0            ; 0       ; 0         ; 0    ; 0            ; |diagram_test_uart_fsm_with_uart_emetteur|UART_EMETTEUR:inst|RDTD:RDTD_UART_EMETTEUR|enARdFF_2:bit3                                          ; work         ;
;          |enARdFF_2:bit4|                           ; 0 (0)             ; 1 (1)        ; 0           ; 0            ; 0       ; 0         ; 0    ; 0            ; |diagram_test_uart_fsm_with_uart_emetteur|UART_EMETTEUR:inst|RDTD:RDTD_UART_EMETTEUR|enARdFF_2:bit4                                          ; work         ;
;          |enARdFF_2:bit5|                           ; 0 (0)             ; 1 (1)        ; 0           ; 0            ; 0       ; 0         ; 0    ; 0            ; |diagram_test_uart_fsm_with_uart_emetteur|UART_EMETTEUR:inst|RDTD:RDTD_UART_EMETTEUR|enARdFF_2:bit5                                          ; work         ;
;          |enARdFF_2:bit6|                           ; 0 (0)             ; 1 (1)        ; 0           ; 0            ; 0       ; 0         ; 0    ; 0            ; |diagram_test_uart_fsm_with_uart_emetteur|UART_EMETTEUR:inst|RDTD:RDTD_UART_EMETTEUR|enARdFF_2:bit6                                          ; work         ;
;          |enARdFF_2:bit7|                           ; 0 (0)             ; 1 (1)        ; 0           ; 0            ; 0       ; 0         ; 0    ; 0            ; |diagram_test_uart_fsm_with_uart_emetteur|UART_EMETTEUR:inst|RDTD:RDTD_UART_EMETTEUR|enARdFF_2:bit7                                          ; work         ;
;          |enARdFF_2:bit8|                           ; 0 (0)             ; 1 (1)        ; 0           ; 0            ; 0       ; 0         ; 0    ; 0            ; |diagram_test_uart_fsm_with_uart_emetteur|UART_EMETTEUR:inst|RDTD:RDTD_UART_EMETTEUR|enARdFF_2:bit8                                          ; work         ;
;          |four_bit_comparator_eq:Comparateur|       ; 1 (1)             ; 0 (0)        ; 0           ; 0            ; 0       ; 0         ; 0    ; 0            ; |diagram_test_uart_fsm_with_uart_emetteur|UART_EMETTEUR:inst|RDTD:RDTD_UART_EMETTEUR|four_bit_comparator_eq:Comparateur                      ; work         ;
;       |RTD:RTD_UART_EMETTEUR|                       ; 2 (2)             ; 7 (0)        ; 0           ; 0            ; 0       ; 0         ; 0    ; 0            ; |diagram_test_uart_fsm_with_uart_emetteur|UART_EMETTEUR:inst|RTD:RTD_UART_EMETTEUR                                                           ; work         ;
;          |enARdFF_2:bit0|                           ; 0 (0)             ; 1 (1)        ; 0           ; 0            ; 0       ; 0         ; 0    ; 0            ; |diagram_test_uart_fsm_with_uart_emetteur|UART_EMETTEUR:inst|RTD:RTD_UART_EMETTEUR|enARdFF_2:bit0                                            ; work         ;
;          |enARdFF_2:bit1|                           ; 0 (0)             ; 1 (1)        ; 0           ; 0            ; 0       ; 0         ; 0    ; 0            ; |diagram_test_uart_fsm_with_uart_emetteur|UART_EMETTEUR:inst|RTD:RTD_UART_EMETTEUR|enARdFF_2:bit1                                            ; work         ;
;          |enARdFF_2:bit2|                           ; 0 (0)             ; 1 (1)        ; 0           ; 0            ; 0       ; 0         ; 0    ; 0            ; |diagram_test_uart_fsm_with_uart_emetteur|UART_EMETTEUR:inst|RTD:RTD_UART_EMETTEUR|enARdFF_2:bit2                                            ; work         ;
;          |enARdFF_2:bit3|                           ; 0 (0)             ; 1 (1)        ; 0           ; 0            ; 0       ; 0         ; 0    ; 0            ; |diagram_test_uart_fsm_with_uart_emetteur|UART_EMETTEUR:inst|RTD:RTD_UART_EMETTEUR|enARdFF_2:bit3                                            ; work         ;
;          |enARdFF_2:bit4|                           ; 0 (0)             ; 1 (1)        ; 0           ; 0            ; 0       ; 0         ; 0    ; 0            ; |diagram_test_uart_fsm_with_uart_emetteur|UART_EMETTEUR:inst|RTD:RTD_UART_EMETTEUR|enARdFF_2:bit4                                            ; work         ;
;          |enARdFF_2:bit5|                           ; 0 (0)             ; 1 (1)        ; 0           ; 0            ; 0       ; 0         ; 0    ; 0            ; |diagram_test_uart_fsm_with_uart_emetteur|UART_EMETTEUR:inst|RTD:RTD_UART_EMETTEUR|enARdFF_2:bit5                                            ; work         ;
;          |enARdFF_2:bit6|                           ; 0 (0)             ; 1 (1)        ; 0           ; 0            ; 0       ; 0         ; 0    ; 0            ; |diagram_test_uart_fsm_with_uart_emetteur|UART_EMETTEUR:inst|RTD:RTD_UART_EMETTEUR|enARdFF_2:bit6                                            ; work         ;
;       |controleur_emetteur:CONTOLEUR_UART_EMETTEUR| ; 5 (5)             ; 2 (0)        ; 0           ; 0            ; 0       ; 0         ; 0    ; 0            ; |diagram_test_uart_fsm_with_uart_emetteur|UART_EMETTEUR:inst|controleur_emetteur:CONTOLEUR_UART_EMETTEUR                                     ; work         ;
;          |enARdFF_2:Y0|                             ; 0 (0)             ; 1 (1)        ; 0           ; 0            ; 0       ; 0         ; 0    ; 0            ; |diagram_test_uart_fsm_with_uart_emetteur|UART_EMETTEUR:inst|controleur_emetteur:CONTOLEUR_UART_EMETTEUR|enARdFF_2:Y0                        ; work         ;
;          |enARdFF_2:Y1|                             ; 0 (0)             ; 1 (1)        ; 0           ; 0            ; 0       ; 0         ; 0    ; 0            ; |diagram_test_uart_fsm_with_uart_emetteur|UART_EMETTEUR:inst|controleur_emetteur:CONTOLEUR_UART_EMETTEUR|enARdFF_2:Y1                        ; work         ;
;    |UART_FSM:inst1|                                 ; 25 (18)           ; 3 (0)        ; 0           ; 0            ; 0       ; 0         ; 0    ; 0            ; |diagram_test_uart_fsm_with_uart_emetteur|UART_FSM:inst1                                                                                     ; work         ;
;       |enARdFF_2:Y0|                                ; 0 (0)             ; 1 (1)        ; 0           ; 0            ; 0       ; 0         ; 0    ; 0            ; |diagram_test_uart_fsm_with_uart_emetteur|UART_FSM:inst1|enARdFF_2:Y0                                                                        ; work         ;
;       |enARdFF_2:Y1|                                ; 0 (0)             ; 1 (1)        ; 0           ; 0            ; 0       ; 0         ; 0    ; 0            ; |diagram_test_uart_fsm_with_uart_emetteur|UART_FSM:inst1|enARdFF_2:Y1                                                                        ; work         ;
;       |enARdFF_2:Y2|                                ; 0 (0)             ; 1 (1)        ; 0           ; 0            ; 0       ; 0         ; 0    ; 0            ; |diagram_test_uart_fsm_with_uart_emetteur|UART_FSM:inst1|enARdFF_2:Y2                                                                        ; work         ;
;       |mux_8_a_1:Multiplexeur|                      ; 7 (7)             ; 0 (0)        ; 0           ; 0            ; 0       ; 0         ; 0    ; 0            ; |diagram_test_uart_fsm_with_uart_emetteur|UART_FSM:inst1|mux_8_a_1:Multiplexeur                                                              ; work         ;
+-----------------------------------------------------+-------------------+--------------+-------------+--------------+---------+-----------+------+--------------+----------------------------------------------------------------------------------------------------------------------------------------------+--------------+
Note: For table entries with two numbers listed, the numbers in parentheses indicate the number of resources of the given type used by the specific entity alone. The numbers listed outside of parentheses indicate the total resources of the given type used by the specific entity and all of its sub-entities in the hierarchy.


+--------------------------------------------------------------------------------------------------------+
; Registers Removed During Synthesis                                                                     ;
+---------------------------------------------------------------+----------------------------------------+
; Register name                                                 ; Reason for Removal                     ;
+---------------------------------------------------------------+----------------------------------------+
; UART_EMETTEUR:inst|RTD:RTD_UART_EMETTEUR|enARdFF_2:bit7|int_q ; Stuck at GND due to stuck port data_in ;
; Total Number of Removed Registers = 1                         ;                                        ;
+---------------------------------------------------------------+----------------------------------------+


+------------------------------------------------------+
; General Register Statistics                          ;
+----------------------------------------------+-------+
; Statistic                                    ; Value ;
+----------------------------------------------+-------+
; Total registers                              ; 25    ;
; Number of registers using Synchronous Clear  ; 0     ;
; Number of registers using Synchronous Load   ; 0     ;
; Number of registers using Asynchronous Clear ; 25    ;
; Number of registers using Asynchronous Load  ; 0     ;
; Number of registers using Clock Enable       ; 21    ;
; Number of registers using Preset             ; 0     ;
+----------------------------------------------+-------+


+------------------------------------------------------------------------------------------------------------------------------------------------------------------------------------------------------------------------------------------------------------------+
; Multiplexer Restructuring Statistics (Restructuring Performed)                                                                                                                                                                                                   ;
+--------------------+-----------+---------------+----------------------+------------------------+------------+----------------------------------------------------------------------------------------------------------------------------------------------------+
; Multiplexer Inputs ; Bus Width ; Baseline Area ; Area if Restructured ; Saving if Restructured ; Registered ; Example Multiplexer Output                                                                                                                         ;
+--------------------+-----------+---------------+----------------------+------------------------+------------+----------------------------------------------------------------------------------------------------------------------------------------------------+
; 3:1                ; 2 bits    ; 4 LEs         ; 2 LEs                ; 2 LEs                  ; Yes        ; |diagram_test_uart_fsm_with_uart_emetteur|UART_EMETTEUR:inst|RDTD:RDTD_UART_EMETTEUR|counter4Bits_with_clear:Counter|enARdFF_2_with_clear:y2|int_q ;
+--------------------+-----------+---------------+----------------------+------------------------+------------+----------------------------------------------------------------------------------------------------------------------------------------------------+


+-------------------------------------------------------------------+
; Port Connectivity Checks: "UART_FSM:inst1|mux_8_a_1:Multiplexeur" ;
+----------+-------+----------+-------------------------------------+
; Port     ; Type  ; Severity ; Details                             ;
+----------+-------+----------+-------------------------------------+
; a0[3..0] ; Input ; Info     ; Stuck at GND                        ;
; a0[7]    ; Input ; Info     ; Stuck at GND                        ;
; a0[6]    ; Input ; Info     ; Stuck at VCC                        ;
; a0[5]    ; Input ; Info     ; Stuck at GND                        ;
; a0[4]    ; Input ; Info     ; Stuck at VCC                        ;
; a1[3..2] ; Input ; Info     ; Stuck at VCC                        ;
; a1[5..4] ; Input ; Info     ; Stuck at GND                        ;
; a1[1..0] ; Input ; Info     ; Stuck at GND                        ;
; a1[7]    ; Input ; Info     ; Stuck at GND                        ;
; a1[6]    ; Input ; Info     ; Stuck at VCC                        ;
; a2[6..4] ; Input ; Info     ; Stuck at VCC                        ;
; a2[2..1] ; Input ; Info     ; Stuck at VCC                        ;
; a2[7]    ; Input ; Info     ; Stuck at GND                        ;
; a2[3]    ; Input ; Info     ; Stuck at GND                        ;
; a2[0]    ; Input ; Info     ; Stuck at GND                        ;
; a3[6..5] ; Input ; Info     ; Stuck at VCC                        ;
; a3[7]    ; Input ; Info     ; Stuck at GND                        ;
; a3[4]    ; Input ; Info     ; Stuck at GND                        ;
; a3[3]    ; Input ; Info     ; Stuck at VCC                        ;
; a3[2]    ; Input ; Info     ; Stuck at GND                        ;
; a3[1]    ; Input ; Info     ; Stuck at VCC                        ;
; a3[0]    ; Input ; Info     ; Stuck at GND                        ;
; a4[6..4] ; Input ; Info     ; Stuck at VCC                        ;
; a4[3..2] ; Input ; Info     ; Stuck at GND                        ;
; a4[7]    ; Input ; Info     ; Stuck at GND                        ;
; a4[1]    ; Input ; Info     ; Stuck at VCC                        ;
; a4[0]    ; Input ; Info     ; Stuck at GND                        ;
; a5[4..0] ; Input ; Info     ; Stuck at VCC                        ;
; a5[7]    ; Input ; Info     ; Stuck at GND                        ;
; a5[6]    ; Input ; Info     ; Stuck at VCC                        ;
; a5[5]    ; Input ; Info     ; Stuck at GND                        ;
; a6[3..2] ; Input ; Info     ; Stuck at VCC                        ;
; a6[7..4] ; Input ; Info     ; Stuck at GND                        ;
; a6[1]    ; Input ; Info     ; Stuck at GND                        ;
; a6[0]    ; Input ; Info     ; Stuck at VCC                        ;
; a7       ; Input ; Info     ; Stuck at GND                        ;
+----------+-------+----------+-------------------------------------+


+------------------------------------------------------------------------------------------------------------------+
; Port Connectivity Checks: "UART_FSM:inst1|enARdFF_2:Y0"                                                          ;
+--------+--------+----------+-------------------------------------------------------------------------------------+
; Port   ; Type   ; Severity ; Details                                                                             ;
+--------+--------+----------+-------------------------------------------------------------------------------------+
; o_qbar ; Output ; Info     ; Connected to dangling logic. Logic that only feeds a dangling port will be removed. ;
+--------+--------+----------+-------------------------------------------------------------------------------------+


+------------------------------------------------------------------------------------------------------------------+
; Port Connectivity Checks: "UART_FSM:inst1|enARdFF_2:Y1"                                                          ;
+--------+--------+----------+-------------------------------------------------------------------------------------+
; Port   ; Type   ; Severity ; Details                                                                             ;
+--------+--------+----------+-------------------------------------------------------------------------------------+
; o_qbar ; Output ; Info     ; Connected to dangling logic. Logic that only feeds a dangling port will be removed. ;
+--------+--------+----------+-------------------------------------------------------------------------------------+


+------------------------------------------------------------------------------------------------------------------+
; Port Connectivity Checks: "UART_FSM:inst1|enARdFF_2:Y2"                                                          ;
+--------+--------+----------+-------------------------------------------------------------------------------------+
; Port   ; Type   ; Severity ; Details                                                                             ;
+--------+--------+----------+-------------------------------------------------------------------------------------+
; o_qbar ; Output ; Info     ; Connected to dangling logic. Logic that only feeds a dangling port will be removed. ;
+--------+--------+----------+-------------------------------------------------------------------------------------+


+------------------------------------------------------------------------------------------------------------------+
; Port Connectivity Checks: "UART_EMETTEUR:inst|controleur_emetteur:CONTOLEUR_UART_EMETTEUR|enARdFF_2:Y0"          ;
+--------+--------+----------+-------------------------------------------------------------------------------------+
; Port   ; Type   ; Severity ; Details                                                                             ;
+--------+--------+----------+-------------------------------------------------------------------------------------+
; o_qbar ; Output ; Info     ; Connected to dangling logic. Logic that only feeds a dangling port will be removed. ;
+--------+--------+----------+-------------------------------------------------------------------------------------+


+------------------------------------------------------------------------------------------------------------------+
; Port Connectivity Checks: "UART_EMETTEUR:inst|controleur_emetteur:CONTOLEUR_UART_EMETTEUR|enARdFF_2:Y1"          ;
+--------+--------+----------+-------------------------------------------------------------------------------------+
; Port   ; Type   ; Severity ; Details                                                                             ;
+--------+--------+----------+-------------------------------------------------------------------------------------+
; o_qbar ; Output ; Info     ; Connected to dangling logic. Logic that only feeds a dangling port will be removed. ;
+--------+--------+----------+-------------------------------------------------------------------------------------+


+------------------------------------------------------------------------------------------------------------------+
; Port Connectivity Checks: "UART_EMETTEUR:inst|RDTD:RDTD_UART_EMETTEUR|enARdFF_2:bit0"                            ;
+--------+--------+----------+-------------------------------------------------------------------------------------+
; Port   ; Type   ; Severity ; Details                                                                             ;
+--------+--------+----------+-------------------------------------------------------------------------------------+
; o_qbar ; Output ; Info     ; Connected to dangling logic. Logic that only feeds a dangling port will be removed. ;
+--------+--------+----------+-------------------------------------------------------------------------------------+


+------------------------------------------------------------------------------------------------------------------+
; Port Connectivity Checks: "UART_EMETTEUR:inst|RDTD:RDTD_UART_EMETTEUR|enARdFF_2:bit1"                            ;
+--------+--------+----------+-------------------------------------------------------------------------------------+
; Port   ; Type   ; Severity ; Details                                                                             ;
+--------+--------+----------+-------------------------------------------------------------------------------------+
; o_qbar ; Output ; Info     ; Connected to dangling logic. Logic that only feeds a dangling port will be removed. ;
+--------+--------+----------+-------------------------------------------------------------------------------------+


+------------------------------------------------------------------------------------------------------------------+
; Port Connectivity Checks: "UART_EMETTEUR:inst|RDTD:RDTD_UART_EMETTEUR|enARdFF_2:bit2"                            ;
+--------+--------+----------+-------------------------------------------------------------------------------------+
; Port   ; Type   ; Severity ; Details                                                                             ;
+--------+--------+----------+-------------------------------------------------------------------------------------+
; o_qbar ; Output ; Info     ; Connected to dangling logic. Logic that only feeds a dangling port will be removed. ;
+--------+--------+----------+-------------------------------------------------------------------------------------+


+------------------------------------------------------------------------------------------------------------------+
; Port Connectivity Checks: "UART_EMETTEUR:inst|RDTD:RDTD_UART_EMETTEUR|enARdFF_2:bit3"                            ;
+--------+--------+----------+-------------------------------------------------------------------------------------+
; Port   ; Type   ; Severity ; Details                                                                             ;
+--------+--------+----------+-------------------------------------------------------------------------------------+
; o_qbar ; Output ; Info     ; Connected to dangling logic. Logic that only feeds a dangling port will be removed. ;
+--------+--------+----------+-------------------------------------------------------------------------------------+


+------------------------------------------------------------------------------------------------------------------+
; Port Connectivity Checks: "UART_EMETTEUR:inst|RDTD:RDTD_UART_EMETTEUR|enARdFF_2:bit4"                            ;
+--------+--------+----------+-------------------------------------------------------------------------------------+
; Port   ; Type   ; Severity ; Details                                                                             ;
+--------+--------+----------+-------------------------------------------------------------------------------------+
; o_qbar ; Output ; Info     ; Connected to dangling logic. Logic that only feeds a dangling port will be removed. ;
+--------+--------+----------+-------------------------------------------------------------------------------------+


+------------------------------------------------------------------------------------------------------------------+
; Port Connectivity Checks: "UART_EMETTEUR:inst|RDTD:RDTD_UART_EMETTEUR|enARdFF_2:bit5"                            ;
+--------+--------+----------+-------------------------------------------------------------------------------------+
; Port   ; Type   ; Severity ; Details                                                                             ;
+--------+--------+----------+-------------------------------------------------------------------------------------+
; o_qbar ; Output ; Info     ; Connected to dangling logic. Logic that only feeds a dangling port will be removed. ;
+--------+--------+----------+-------------------------------------------------------------------------------------+


+------------------------------------------------------------------------------------------------------------------+
; Port Connectivity Checks: "UART_EMETTEUR:inst|RDTD:RDTD_UART_EMETTEUR|enARdFF_2:bit6"                            ;
+--------+--------+----------+-------------------------------------------------------------------------------------+
; Port   ; Type   ; Severity ; Details                                                                             ;
+--------+--------+----------+-------------------------------------------------------------------------------------+
; o_qbar ; Output ; Info     ; Connected to dangling logic. Logic that only feeds a dangling port will be removed. ;
+--------+--------+----------+-------------------------------------------------------------------------------------+


+------------------------------------------------------------------------------------------------------------------+
; Port Connectivity Checks: "UART_EMETTEUR:inst|RDTD:RDTD_UART_EMETTEUR|enARdFF_2:bit7"                            ;
+--------+--------+----------+-------------------------------------------------------------------------------------+
; Port   ; Type   ; Severity ; Details                                                                             ;
+--------+--------+----------+-------------------------------------------------------------------------------------+
; o_qbar ; Output ; Info     ; Connected to dangling logic. Logic that only feeds a dangling port will be removed. ;
+--------+--------+----------+-------------------------------------------------------------------------------------+


+------------------------------------------------------------------------------------------------------------------+
; Port Connectivity Checks: "UART_EMETTEUR:inst|RDTD:RDTD_UART_EMETTEUR|enARdFF_2:bit8"                            ;
+--------+--------+----------+-------------------------------------------------------------------------------------+
; Port   ; Type   ; Severity ; Details                                                                             ;
+--------+--------+----------+-------------------------------------------------------------------------------------+
; o_qbar ; Output ; Info     ; Connected to dangling logic. Logic that only feeds a dangling port will be removed. ;
+--------+--------+----------+-------------------------------------------------------------------------------------+


+-----------------------------------------------------------------------------------------------------------+
; Port Connectivity Checks: "UART_EMETTEUR:inst|RDTD:RDTD_UART_EMETTEUR|four_bit_comparator_eq:Comparateur" ;
+-------------+-------+----------+--------------------------------------------------------------------------+
; Port        ; Type  ; Severity ; Details                                                                  ;
+-------------+-------+----------+--------------------------------------------------------------------------+
; int_b[2..1] ; Input ; Info     ; Stuck at GND                                                             ;
; int_b[3]    ; Input ; Info     ; Stuck at VCC                                                             ;
; int_b[0]    ; Input ; Info     ; Stuck at VCC                                                             ;
+-------------+-------+----------+--------------------------------------------------------------------------+


+--------------------------------------------------------------------------------------------------------------------------------+
; Port Connectivity Checks: "UART_EMETTEUR:inst|RDTD:RDTD_UART_EMETTEUR|counter4Bits_with_clear:Counter|enARdFF_2_with_clear:y0" ;
+--------+--------+----------+---------------------------------------------------------------------------------------------------+
; Port   ; Type   ; Severity ; Details                                                                                           ;
+--------+--------+----------+---------------------------------------------------------------------------------------------------+
; o_qbar ; Output ; Info     ; Connected to dangling logic. Logic that only feeds a dangling port will be removed.               ;
+--------+--------+----------+---------------------------------------------------------------------------------------------------+


+--------------------------------------------------------------------------------------------------------------------------------+
; Port Connectivity Checks: "UART_EMETTEUR:inst|RDTD:RDTD_UART_EMETTEUR|counter4Bits_with_clear:Counter|enARdFF_2_with_clear:y1" ;
+--------+--------+----------+---------------------------------------------------------------------------------------------------+
; Port   ; Type   ; Severity ; Details                                                                                           ;
+--------+--------+----------+---------------------------------------------------------------------------------------------------+
; o_qbar ; Output ; Info     ; Connected to dangling logic. Logic that only feeds a dangling port will be removed.               ;
+--------+--------+----------+---------------------------------------------------------------------------------------------------+


+--------------------------------------------------------------------------------------------------------------------------------+
; Port Connectivity Checks: "UART_EMETTEUR:inst|RDTD:RDTD_UART_EMETTEUR|counter4Bits_with_clear:Counter|enARdFF_2_with_clear:y2" ;
+--------+--------+----------+---------------------------------------------------------------------------------------------------+
; Port   ; Type   ; Severity ; Details                                                                                           ;
+--------+--------+----------+---------------------------------------------------------------------------------------------------+
; o_qbar ; Output ; Info     ; Connected to dangling logic. Logic that only feeds a dangling port will be removed.               ;
+--------+--------+----------+---------------------------------------------------------------------------------------------------+


+--------------------------------------------------------------------------------------------------------------------------------+
; Port Connectivity Checks: "UART_EMETTEUR:inst|RDTD:RDTD_UART_EMETTEUR|counter4Bits_with_clear:Counter|enARdFF_2_with_clear:y3" ;
+--------+--------+----------+---------------------------------------------------------------------------------------------------+
; Port   ; Type   ; Severity ; Details                                                                                           ;
+--------+--------+----------+---------------------------------------------------------------------------------------------------+
; o_qbar ; Output ; Info     ; Connected to dangling logic. Logic that only feeds a dangling port will be removed.               ;
+--------+--------+----------+---------------------------------------------------------------------------------------------------+


+------------------------------------------------------------------------------------------------------------------+
; Port Connectivity Checks: "UART_EMETTEUR:inst|RTD:RTD_UART_EMETTEUR|enARdFF_2:bit0"                              ;
+--------+--------+----------+-------------------------------------------------------------------------------------+
; Port   ; Type   ; Severity ; Details                                                                             ;
+--------+--------+----------+-------------------------------------------------------------------------------------+
; o_qbar ; Output ; Info     ; Connected to dangling logic. Logic that only feeds a dangling port will be removed. ;
+--------+--------+----------+-------------------------------------------------------------------------------------+


+------------------------------------------------------------------------------------------------------------------+
; Port Connectivity Checks: "UART_EMETTEUR:inst|RTD:RTD_UART_EMETTEUR|enARdFF_2:bit1"                              ;
+--------+--------+----------+-------------------------------------------------------------------------------------+
; Port   ; Type   ; Severity ; Details                                                                             ;
+--------+--------+----------+-------------------------------------------------------------------------------------+
; o_qbar ; Output ; Info     ; Connected to dangling logic. Logic that only feeds a dangling port will be removed. ;
+--------+--------+----------+-------------------------------------------------------------------------------------+


+------------------------------------------------------------------------------------------------------------------+
; Port Connectivity Checks: "UART_EMETTEUR:inst|RTD:RTD_UART_EMETTEUR|enARdFF_2:bit2"                              ;
+--------+--------+----------+-------------------------------------------------------------------------------------+
; Port   ; Type   ; Severity ; Details                                                                             ;
+--------+--------+----------+-------------------------------------------------------------------------------------+
; o_qbar ; Output ; Info     ; Connected to dangling logic. Logic that only feeds a dangling port will be removed. ;
+--------+--------+----------+-------------------------------------------------------------------------------------+


+------------------------------------------------------------------------------------------------------------------+
; Port Connectivity Checks: "UART_EMETTEUR:inst|RTD:RTD_UART_EMETTEUR|enARdFF_2:bit3"                              ;
+--------+--------+----------+-------------------------------------------------------------------------------------+
; Port   ; Type   ; Severity ; Details                                                                             ;
+--------+--------+----------+-------------------------------------------------------------------------------------+
; o_qbar ; Output ; Info     ; Connected to dangling logic. Logic that only feeds a dangling port will be removed. ;
+--------+--------+----------+-------------------------------------------------------------------------------------+


+------------------------------------------------------------------------------------------------------------------+
; Port Connectivity Checks: "UART_EMETTEUR:inst|RTD:RTD_UART_EMETTEUR|enARdFF_2:bit4"                              ;
+--------+--------+----------+-------------------------------------------------------------------------------------+
; Port   ; Type   ; Severity ; Details                                                                             ;
+--------+--------+----------+-------------------------------------------------------------------------------------+
; o_qbar ; Output ; Info     ; Connected to dangling logic. Logic that only feeds a dangling port will be removed. ;
+--------+--------+----------+-------------------------------------------------------------------------------------+


+------------------------------------------------------------------------------------------------------------------+
; Port Connectivity Checks: "UART_EMETTEUR:inst|RTD:RTD_UART_EMETTEUR|enARdFF_2:bit5"                              ;
+--------+--------+----------+-------------------------------------------------------------------------------------+
; Port   ; Type   ; Severity ; Details                                                                             ;
+--------+--------+----------+-------------------------------------------------------------------------------------+
; o_qbar ; Output ; Info     ; Connected to dangling logic. Logic that only feeds a dangling port will be removed. ;
+--------+--------+----------+-------------------------------------------------------------------------------------+


+------------------------------------------------------------------------------------------------------------------+
; Port Connectivity Checks: "UART_EMETTEUR:inst|RTD:RTD_UART_EMETTEUR|enARdFF_2:bit6"                              ;
+--------+--------+----------+-------------------------------------------------------------------------------------+
; Port   ; Type   ; Severity ; Details                                                                             ;
+--------+--------+----------+-------------------------------------------------------------------------------------+
; o_qbar ; Output ; Info     ; Connected to dangling logic. Logic that only feeds a dangling port will be removed. ;
+--------+--------+----------+-------------------------------------------------------------------------------------+


+------------------------------------------------------------------------------------------------------------------+
; Port Connectivity Checks: "UART_EMETTEUR:inst|RTD:RTD_UART_EMETTEUR|enARdFF_2:bit7"                              ;
+--------+--------+----------+-------------------------------------------------------------------------------------+
; Port   ; Type   ; Severity ; Details                                                                             ;
+--------+--------+----------+-------------------------------------------------------------------------------------+
; o_qbar ; Output ; Info     ; Connected to dangling logic. Logic that only feeds a dangling port will be removed. ;
+--------+--------+----------+-------------------------------------------------------------------------------------+


+-------------------------------+
; Elapsed Time Per Partition    ;
+----------------+--------------+
; Partition Name ; Elapsed Time ;
+----------------+--------------+
; Top            ; 00:00:00     ;
+----------------+--------------+


+-------------------------------+
; Analysis & Synthesis Messages ;
+-------------------------------+
Info: *******************************************************************
Info: Running Quartus II 64-Bit Analysis & Synthesis
    Info: Version 13.1.0 Build 162 10/23/2013 SJ Web Edition
    Info: Processing started: Fri Dec 01 17:01:48 2023
Info: Command: quartus_map --read_settings_files=on --write_settings_files=off Laboratoire4 -c Laboratoire4
Warning (20028): Parallel compilation is not licensed and has been disabled
Info (12021): Found 2 design units, including 1 entities, in source file one_bit_comparator_eq.vhd
    Info (12022): Found design unit 1: one_bit_comparator_eq-rtl
    Info (12023): Found entity 1: one_bit_comparator_eq
Info (12021): Found 2 design units, including 1 entities, in source file eight_bit_shift_right_register.vhd
    Info (12022): Found design unit 1: eight_bit_shift_right_register-rtl
    Info (12023): Found entity 1: eight_bit_shift_right_register
Info (12021): Found 2 design units, including 1 entities, in source file eight_bit_shift_left_register.vhd
    Info (12022): Found design unit 1: eight_bit_shift_left_register-rtl
    Info (12023): Found entity 1: eight_bit_shift_left_register
Info (12021): Found 2 design units, including 1 entities, in source file register8bits_affichage.vhd
    Info (12022): Found design unit 1: register8bits_affichage-rtl
    Info (12023): Found entity 1: register8bits_affichage
Info (12021): Found 2 design units, including 1 entities, in source file mux_2_4bits.vhd
    Info (12022): Found design unit 1: mux_2_4bits-rtl
    Info (12023): Found entity 1: mux_2_4bits
Info (12021): Found 2 design units, including 1 entities, in source file mux_2.vhd
    Info (12022): Found design unit 1: mux_2-rtl
    Info (12023): Found entity 1: mux_2
Info (12021): Found 2 design units, including 1 entities, in source file four_bit_comparator_eq.vhd
    Info (12022): Found design unit 1: four_bit_comparator_eq-rtl
    Info (12023): Found entity 1: four_bit_comparator_eq
Info (12021): Found 2 design units, including 1 entities, in source file enardff_2_with_clear.vhd
    Info (12022): Found design unit 1: enARdFF_2_with_clear-rtl
    Info (12023): Found entity 1: enARdFF_2_with_clear
Info (12021): Found 2 design units, including 1 entities, in source file enardff_2.vhd
    Info (12022): Found design unit 1: enARdFF_2-rtl
    Info (12023): Found entity 1: enARdFF_2
Info (12021): Found 2 design units, including 1 entities, in source file dec_7seg.vhd
    Info (12022): Found design unit 1: dec_7seg-rtl
    Info (12023): Found entity 1: dec_7seg
Info (12021): Found 2 design units, including 1 entities, in source file debouncer.vhd
    Info (12022): Found design unit 1: debouncer-fsm
    Info (12023): Found entity 1: debouncer
Info (12021): Found 2 design units, including 1 entities, in source file counter4bits_with_clear.vhd
    Info (12022): Found design unit 1: counter4Bits_with_clear-rtl
    Info (12023): Found entity 1: counter4Bits_with_clear
Info (12021): Found 2 design units, including 1 entities, in source file counter4bits.vhd
    Info (12022): Found design unit 1: counter4Bits-rtl
    Info (12023): Found entity 1: counter4Bits
Info (12021): Found 2 design units, including 1 entities, in source file clk_div.vhd
    Info (12022): Found design unit 1: clk_div-a
    Info (12023): Found entity 1: clk_div
Info (12021): Found 2 design units, including 1 entities, in source file additionneur_soustracteur_4bits.vhd
    Info (12022): Found design unit 1: additionneur_soustracteur_4bits-STRUCT
    Info (12023): Found entity 1: additionneur_soustracteur_4bits
Info (12021): Found 2 design units, including 1 entities, in source file rdtd.vhd
    Info (12022): Found design unit 1: RDTD-rtl
    Info (12023): Found entity 1: RDTD
Info (12021): Found 2 design units, including 1 entities, in source file rtd.vhd
    Info (12022): Found design unit 1: RTD-rtl
    Info (12023): Found entity 1: RTD
Info (12021): Found 2 design units, including 1 entities, in source file controleur_emetteur.vhd
    Info (12022): Found design unit 1: controleur_emetteur-struct
    Info (12023): Found entity 1: controleur_emetteur
Info (12021): Found 2 design units, including 1 entities, in source file uart_emetteur.vhd
    Info (12022): Found design unit 1: UART_EMETTEUR-STRUCT
    Info (12023): Found entity 1: UART_EMETTEUR
Info (12021): Found 2 design units, including 1 entities, in source file eight_bit_serial_shift_right_register.vhd
    Info (12022): Found design unit 1: eight_bit_serial_shift_right_register-rtl
    Info (12023): Found entity 1: eight_bit_serial_shift_right_register
Info (12021): Found 2 design units, including 1 entities, in source file mux_8_a_1.vhd
    Info (12022): Found design unit 1: mux_8_a_1-rtl
    Info (12023): Found entity 1: mux_8_a_1
Info (12021): Found 2 design units, including 1 entities, in source file uart_fsm.vhd
    Info (12022): Found design unit 1: UART_FSM-STRUCT
    Info (12023): Found entity 1: UART_FSM
Info (12021): Found 2 design units, including 1 entities, in source file baud_generator.vhd
    Info (12022): Found design unit 1: baud_generator-behav
    Info (12023): Found entity 1: baud_generator
Info (12021): Found 1 design units, including 1 entities, in source file diagram_test_uart_fsm_with_uart_emetteur.bdf
    Info (12023): Found entity 1: diagram_test_uart_fsm_with_uart_emetteur
Info (12127): Elaborating entity "diagram_test_uart_fsm_with_uart_emetteur" for the top level hierarchy
Info (12128): Elaborating entity "UART_EMETTEUR" for hierarchy "UART_EMETTEUR:inst"
Info (12128): Elaborating entity "RTD" for hierarchy "UART_EMETTEUR:inst|RTD:RTD_UART_EMETTEUR"
Warning (10036): Verilog HDL or VHDL warning at RTD.vhd(14): object "int_notValue" assigned a value but never read
Info (12128): Elaborating entity "enARdFF_2" for hierarchy "UART_EMETTEUR:inst|RTD:RTD_UART_EMETTEUR|enARdFF_2:bit7"
Info (12128): Elaborating entity "RDTD" for hierarchy "UART_EMETTEUR:inst|RDTD:RDTD_UART_EMETTEUR"
Warning (10036): Verilog HDL or VHDL warning at RDTD.vhd(15): object "int_notValue" assigned a value but never read
Info (12128): Elaborating entity "counter4Bits_with_clear" for hierarchy "UART_EMETTEUR:inst|RDTD:RDTD_UART_EMETTEUR|counter4Bits_with_clear:Counter"
Info (12128): Elaborating entity "enARdFF_2_with_clear" for hierarchy "UART_EMETTEUR:inst|RDTD:RDTD_UART_EMETTEUR|counter4Bits_with_clear:Counter|enARdFF_2_with_clear:y3"
Info (12128): Elaborating entity "four_bit_comparator_eq" for hierarchy "UART_EMETTEUR:inst|RDTD:RDTD_UART_EMETTEUR|four_bit_comparator_eq:Comparateur"
Info (12128): Elaborating entity "one_bit_comparator_eq" for hierarchy "UART_EMETTEUR:inst|RDTD:RDTD_UART_EMETTEUR|four_bit_comparator_eq:Comparateur|one_bit_comparator_eq:comp_bit_3"
Info (12128): Elaborating entity "controleur_emetteur" for hierarchy "UART_EMETTEUR:inst|controleur_emetteur:CONTOLEUR_UART_EMETTEUR"
Info (12128): Elaborating entity "UART_FSM" for hierarchy "UART_FSM:inst1"
Info (12128): Elaborating entity "mux_8_a_1" for hierarchy "UART_FSM:inst1|mux_8_a_1:Multiplexeur"
Info (286030): Timing-Driven Synthesis is running
Info (16010): Generating hard_block partition "hard_block:auto_generated_inst"
    Info (16011): Adding 0 node(s), including 0 DDIO, 0 PLL, 0 transceiver and 0 LCELL
Info (21057): Implemented 55 device resources after synthesis - the final resource count might be different
    Info (21058): Implemented 6 input pins
    Info (21059): Implemented 1 output pins
    Info (21061): Implemented 48 logic cells
Info: Quartus II 64-Bit Analysis & Synthesis was successful. 0 errors, 3 warnings
    Info: Peak virtual memory: 4657 megabytes
    Info: Processing ended: Fri Dec 01 17:01:49 2023
    Info: Elapsed time: 00:00:01
    Info: Total CPU time (on all processors): 00:00:01


